<?xml version="1.0" encoding="UTF-8"?>
<testsuites>
  <testsuite name="" tests="65" assertions="189" errors="0" failures="0" skipped="0" time="66.655264">
    <testsuite name="Feature" tests="65" assertions="189" errors="0" failures="0" skipped="0" time="66.655264">
      <testsuite name="Tests\Feature\App\Http\Controllers\API\User\v1\Auth\ChangePasswordControllerTest" file="/var/www/tests/Feature/App/Http/Controllers/API/User/v1/Auth/ChangePasswordControllerTest.php" tests="1" assertions="2" errors="0" failures="0" skipped="0" time="14.605213">
        <testcase name="testChangePassword" class="Tests\Feature\App\Http\Controllers\API\User\v1\Auth\ChangePasswordControllerTest" classname="Tests.Feature.App.Http.Controllers.API.User.v1.Auth.ChangePasswordControllerTest" file="/var/www/tests/Feature/App/Http/Controllers/API/User/v1/Auth/ChangePasswordControllerTest.php" line="43" assertions="2" time="14.605213"/>
      </testsuite>
      <testsuite name="Tests\Feature\App\Http\Controllers\API\User\v1\Auth\EmailVerifyControllerTest" file="/var/www/tests/Feature/App/Http/Controllers/API/User/v1/Auth/EmailVerifyControllerTest.php" tests="8" assertions="19" errors="0" failures="0" skipped="0" time="0.478438">
        <testcase name="testInvokeEmailVerificationTokenCanBeUsedOnlyOnce" class="Tests\Feature\App\Http\Controllers\API\User\v1\Auth\EmailVerifyControllerTest" classname="Tests.Feature.App.Http.Controllers.API.User.v1.Auth.EmailVerifyControllerTest" file="/var/www/tests/Feature/App/Http/Controllers/API/User/v1/Auth/EmailVerifyControllerTest.php" line="44" assertions="2" time="0.121418"/>
        <testcase name="testInvokeValidateMissingTokenParameter" class="Tests\Feature\App\Http\Controllers\API\User\v1\Auth\EmailVerifyControllerTest" classname="Tests.Feature.App.Http.Controllers.API.User.v1.Auth.EmailVerifyControllerTest" file="/var/www/tests/Feature/App/Http/Controllers/API/User/v1/Auth/EmailVerifyControllerTest.php" line="80" assertions="3" time="0.042442"/>
        <testcase name="testInvokeValidateTokenForNumericToken" class="Tests\Feature\App\Http\Controllers\API\User\v1\Auth\EmailVerifyControllerTest" classname="Tests.Feature.App.Http.Controllers.API.User.v1.Auth.EmailVerifyControllerTest" file="/var/www/tests/Feature/App/Http/Controllers/API/User/v1/Auth/EmailVerifyControllerTest.php" line="104" assertions="3" time="0.042674"/>
        <testcase name="testInvokeValidateValidTokenParameter" class="Tests\Feature\App\Http\Controllers\API\User\v1\Auth\EmailVerifyControllerTest" classname="Tests.Feature.App.Http.Controllers.API.User.v1.Auth.EmailVerifyControllerTest" file="/var/www/tests/Feature/App/Http/Controllers/API/User/v1/Auth/EmailVerifyControllerTest.php" line="128" assertions="3" time="0.042345"/>
        <testcase name="testInvokeVerificationEmailRecordExists" class="Tests\Feature\App\Http\Controllers\API\User\v1\Auth\EmailVerifyControllerTest" classname="Tests.Feature.App.Http.Controllers.API.User.v1.Auth.EmailVerifyControllerTest" file="/var/www/tests/Feature/App/Http/Controllers/API/User/v1/Auth/EmailVerifyControllerTest.php" line="152" assertions="2" time="0.101005"/>
        <testsuite name="Tests\Feature\App\Http\Controllers\API\User\v1\Auth\EmailVerifyControllerTest::testInvokeWithAllEmptyValues" tests="2" assertions="4" errors="0" failures="0" skipped="0" time="0.094250">
          <testcase name="testInvokeWithAllEmptyValues with data set #0" class="Tests\Feature\App\Http\Controllers\API\User\v1\Auth\EmailVerifyControllerTest" classname="Tests.Feature.App.Http.Controllers.API.User.v1.Auth.EmailVerifyControllerTest" file="/var/www/tests/Feature/App/Http/Controllers/API/User/v1/Auth/EmailVerifyControllerTest.php" line="186" assertions="2" time="0.051788"/>
          <testcase name="testInvokeWithAllEmptyValues with data set #1" class="Tests\Feature\App\Http\Controllers\API\User\v1\Auth\EmailVerifyControllerTest" classname="Tests.Feature.App.Http.Controllers.API.User.v1.Auth.EmailVerifyControllerTest" file="/var/www/tests/Feature/App/Http/Controllers/API/User/v1/Auth/EmailVerifyControllerTest.php" line="186" assertions="2" time="0.042462"/>
        </testsuite>
        <testcase name="testInvokeWithAllMissingParameters" class="Tests\Feature\App\Http\Controllers\API\User\v1\Auth\EmailVerifyControllerTest" classname="Tests.Feature.App.Http.Controllers.API.User.v1.Auth.EmailVerifyControllerTest" file="/var/www/tests/Feature/App/Http/Controllers/API/User/v1/Auth/EmailVerifyControllerTest.php" line="205" assertions="2" time="0.034304"/>
      </testsuite>
      <testsuite name="Tests\Feature\App\Http\Controllers\API\User\v1\Auth\ForgotPasswordControllerTest" file="/var/www/tests/Feature/App/Http/Controllers/API/User/v1/Auth/ForgotPasswordControllerTest.php" tests="9" assertions="28" errors="0" failures="0" skipped="0" time="7.117631">
        <testcase name="testInvokeForgotPassword" class="Tests\Feature\App\Http\Controllers\API\User\v1\Auth\ForgotPasswordControllerTest" classname="Tests.Feature.App.Http.Controllers.API.User.v1.Auth.ForgotPasswordControllerTest" file="/var/www/tests/Feature/App/Http/Controllers/API/User/v1/Auth/ForgotPasswordControllerTest.php" line="42" assertions="4" time="6.758600"/>
        <testcase name="testInvokeValidateDataLargerDomainNameForEmailAddress" class="Tests\Feature\App\Http\Controllers\API\User\v1\Auth\ForgotPasswordControllerTest" classname="Tests.Feature.App.Http.Controllers.API.User.v1.Auth.ForgotPasswordControllerTest" file="/var/www/tests/Feature/App/Http/Controllers/API/User/v1/Auth/ForgotPasswordControllerTest.php" line="77" assertions="3" time="0.041945"/>
        <testcase name="testInvokeValidateDataNumericEmailAddress" class="Tests\Feature\App\Http\Controllers\API\User\v1\Auth\ForgotPasswordControllerTest" classname="Tests.Feature.App.Http.Controllers.API.User.v1.Auth.ForgotPasswordControllerTest" file="/var/www/tests/Feature/App/Http/Controllers/API/User/v1/Auth/ForgotPasswordControllerTest.php" line="101" assertions="3" time="0.041758"/>
        <testcase name="testInvokeValidateDataPartialEmailAddress" class="Tests\Feature\App\Http\Controllers\API\User\v1\Auth\ForgotPasswordControllerTest" classname="Tests.Feature.App.Http.Controllers.API.User.v1.Auth.ForgotPasswordControllerTest" file="/var/www/tests/Feature/App/Http/Controllers/API/User/v1/Auth/ForgotPasswordControllerTest.php" line="125" assertions="3" time="0.058844"/>
        <testcase name="testInvokeValidateNonExistentUserForgotPasswordRequest" class="Tests\Feature\App\Http\Controllers\API\User\v1\Auth\ForgotPasswordControllerTest" classname="Tests.Feature.App.Http.Controllers.API.User.v1.Auth.ForgotPasswordControllerTest" file="/var/www/tests/Feature/App/Http/Controllers/API/User/v1/Auth/ForgotPasswordControllerTest.php" line="149" assertions="3" time="0.050595"/>
        <testsuite name="Tests\Feature\App\Http\Controllers\API\User\v1\Auth\ForgotPasswordControllerTest::testInvokeWithAllEmptyValues" tests="3" assertions="9" errors="0" failures="0" skipped="0" time="0.123965">
          <testcase name="testInvokeWithAllEmptyValues with data set #0" class="Tests\Feature\App\Http\Controllers\API\User\v1\Auth\ForgotPasswordControllerTest" classname="Tests.Feature.App.Http.Controllers.API.User.v1.Auth.ForgotPasswordControllerTest" file="/var/www/tests/Feature/App/Http/Controllers/API/User/v1/Auth/ForgotPasswordControllerTest.php" line="177" assertions="3" time="0.041707"/>
          <testcase name="testInvokeWithAllEmptyValues with data set #1" class="Tests\Feature\App\Http\Controllers\API\User\v1\Auth\ForgotPasswordControllerTest" classname="Tests.Feature.App.Http.Controllers.API.User.v1.Auth.ForgotPasswordControllerTest" file="/var/www/tests/Feature/App/Http/Controllers/API/User/v1/Auth/ForgotPasswordControllerTest.php" line="177" assertions="3" time="0.040612"/>
          <testcase name="testInvokeWithAllEmptyValues with data set #2" class="Tests\Feature\App\Http\Controllers\API\User\v1\Auth\ForgotPasswordControllerTest" classname="Tests.Feature.App.Http.Controllers.API.User.v1.Auth.ForgotPasswordControllerTest" file="/var/www/tests/Feature/App/Http/Controllers/API/User/v1/Auth/ForgotPasswordControllerTest.php" line="177" assertions="3" time="0.041646"/>
        </testsuite>
        <testcase name="testInvokeWithAllMissingParameters" class="Tests\Feature\App\Http\Controllers\API\User\v1\Auth\ForgotPasswordControllerTest" classname="Tests.Feature.App.Http.Controllers.API.User.v1.Auth.ForgotPasswordControllerTest" file="/var/www/tests/Feature/App/Http/Controllers/API/User/v1/Auth/ForgotPasswordControllerTest.php" line="199" assertions="3" time="0.041924"/>
      </testsuite>
      <testsuite name="Tests\Feature\App\Http\Controllers\API\User\v1\Auth\LoginControllerTest" file="/var/www/tests/Feature/App/Http/Controllers/API/User/v1/Auth/LoginControllerTest.php" tests="6" assertions="12" errors="0" failures="0" skipped="0" time="18.467992">
        <testcase name="testInvokeSuccessfulLogin" class="Tests\Feature\App\Http\Controllers\API\User\v1\Auth\LoginControllerTest" classname="Tests.Feature.App.Http.Controllers.API.User.v1.Auth.LoginControllerTest" file="/var/www/tests/Feature/App/Http/Controllers/API/User/v1/Auth/LoginControllerTest.php" line="40" assertions="2" time="3.598896"/>
        <testcase name="testInvokeIncompleteEmailLogin" class="Tests\Feature\App\Http\Controllers\API\User\v1\Auth\LoginControllerTest" classname="Tests.Feature.App.Http.Controllers.API.User.v1.Auth.LoginControllerTest" file="/var/www/tests/Feature/App/Http/Controllers/API/User/v1/Auth/LoginControllerTest.php" line="53" assertions="2" time="2.998666"/>
        <testcase name="testInvokeIncompletePasswordLogin" class="Tests\Feature\App\Http\Controllers\API\User\v1\Auth\LoginControllerTest" classname="Tests.Feature.App.Http.Controllers.API.User.v1.Auth.LoginControllerTest" file="/var/www/tests/Feature/App/Http/Controllers/API/User/v1/Auth/LoginControllerTest.php" line="71" assertions="2" time="2.875038"/>
        <testcase name="testInvokeIncompleteLogin" class="Tests\Feature\App\Http\Controllers\API\User\v1\Auth\LoginControllerTest" classname="Tests.Feature.App.Http.Controllers.API.User.v1.Auth.LoginControllerTest" file="/var/www/tests/Feature/App/Http/Controllers/API/User/v1/Auth/LoginControllerTest.php" line="89" assertions="2" time="2.983420"/>
        <testcase name="testInvokeIncorrectEmailLogin" class="Tests\Feature\App\Http\Controllers\API\User\v1\Auth\LoginControllerTest" classname="Tests.Feature.App.Http.Controllers.API.User.v1.Auth.LoginControllerTest" file="/var/www/tests/Feature/App/Http/Controllers/API/User/v1/Auth/LoginControllerTest.php" line="107" assertions="2" time="3.002518"/>
        <testcase name="testInvokeIncorrectPasswordLogin" class="Tests\Feature\App\Http\Controllers\API\User\v1\Auth\LoginControllerTest" classname="Tests.Feature.App.Http.Controllers.API.User.v1.Auth.LoginControllerTest" file="/var/www/tests/Feature/App/Http/Controllers/API/User/v1/Auth/LoginControllerTest.php" line="125" assertions="2" time="3.009454"/>
      </testsuite>
      <testsuite name="Tests\Feature\App\Http\Controllers\API\User\v1\Auth\LogoutControllerTest" file="/var/www/tests/Feature/App/Http/Controllers/API/User/v1/Auth/LogoutControllerTest.php" tests="5" assertions="8" errors="0" failures="0" skipped="0" time="6.126880">
        <testcase name="testInvokeSuccessfulUserLogout" class="Tests\Feature\App\Http\Controllers\API\User\v1\Auth\LogoutControllerTest" classname="Tests.Feature.App.Http.Controllers.API.User.v1.Auth.LogoutControllerTest" file="/var/www/tests/Feature/App/Http/Controllers/API/User/v1/Auth/LogoutControllerTest.php" line="27" assertions="2" time="2.924838"/>
        <testcase name="testInvokeAlreadyLoggedOutToken" class="Tests\Feature\App\Http\Controllers\API\User\v1\Auth\LogoutControllerTest" classname="Tests.Feature.App.Http.Controllers.API.User.v1.Auth.LogoutControllerTest" file="/var/www/tests/Feature/App/Http/Controllers/API/User/v1/Auth/LogoutControllerTest.php" line="44" assertions="3" time="3.074520"/>
        <testcase name="testInvokeWithoutToken" class="Tests\Feature\App\Http\Controllers\API\User\v1\Auth\LogoutControllerTest" classname="Tests.Feature.App.Http.Controllers.API.User.v1.Auth.LogoutControllerTest" file="/var/www/tests/Feature/App/Http/Controllers/API/User/v1/Auth/LogoutControllerTest.php" line="63" assertions="1" time="0.042519"/>
        <testcase name="testInvokeWithoutAuthParam" class="Tests\Feature\App\Http\Controllers\API\User\v1\Auth\LogoutControllerTest" classname="Tests.Feature.App.Http.Controllers.API.User.v1.Auth.LogoutControllerTest" file="/var/www/tests/Feature/App/Http/Controllers/API/User/v1/Auth/LogoutControllerTest.php" line="78" assertions="1" time="0.042541"/>
        <testcase name="testInvokeIncorrectToken" class="Tests\Feature\App\Http\Controllers\API\User\v1\Auth\LogoutControllerTest" classname="Tests.Feature.App.Http.Controllers.API.User.v1.Auth.LogoutControllerTest" file="/var/www/tests/Feature/App/Http/Controllers/API/User/v1/Auth/LogoutControllerTest.php" line="93" assertions="1" time="0.042462"/>
      </testsuite>
      <testsuite name="Tests\Feature\App\Http\Controllers\API\User\v1\Auth\ResetPasswordControllerTest" file="/var/www/tests/Feature/App/Http/Controllers/API/User/v1/Auth/ResetPasswordControllerTest.php" tests="17" assertions="57" errors="0" failures="0" skipped="0" time="0.848582">
        <testcase name="testInvokePasswordResetFailsWithWrongData" class="Tests\Feature\App\Http\Controllers\API\User\v1\Auth\ResetPasswordControllerTest" classname="Tests.Feature.App.Http.Controllers.API.User.v1.Auth.ResetPasswordControllerTest" file="/var/www/tests/Feature/App/Http/Controllers/API/User/v1/Auth/ResetPasswordControllerTest.php" line="42" assertions="3" time="0.042138"/>
        <testcase name="testInvokeValidateDataLargerTokenForLength" class="Tests\Feature\App\Http\Controllers\API\User\v1\Auth\ResetPasswordControllerTest" classname="Tests.Feature.App.Http.Controllers.API.User.v1.Auth.ResetPasswordControllerTest" file="/var/www/tests/Feature/App/Http/Controllers/API/User/v1/Auth/ResetPasswordControllerTest.php" line="70" assertions="3" time="0.042743"/>
        <testcase name="testInvokeValidateDataMissingToken" class="Tests\Feature\App\Http\Controllers\API\User\v1\Auth\ResetPasswordControllerTest" classname="Tests.Feature.App.Http.Controllers.API.User.v1.Auth.ResetPasswordControllerTest" file="/var/www/tests/Feature/App/Http/Controllers/API/User/v1/Auth/ResetPasswordControllerTest.php" line="94" assertions="3" time="0.042371"/>
        <testcase name="testInvokeValidateDataSmallerTokenForLength" class="Tests\Feature\App\Http\Controllers\API\User\v1\Auth\ResetPasswordControllerTest" classname="Tests.Feature.App.Http.Controllers.API.User.v1.Auth.ResetPasswordControllerTest" file="/var/www/tests/Feature/App/Http/Controllers/API/User/v1/Auth/ResetPasswordControllerTest.php" line="118" assertions="3" time="0.143804"/>
        <testcase name="testInvokeValidateDataTokenShouldBeString" class="Tests\Feature\App\Http\Controllers\API\User\v1\Auth\ResetPasswordControllerTest" classname="Tests.Feature.App.Http.Controllers.API.User.v1.Auth.ResetPasswordControllerTest" file="/var/www/tests/Feature/App/Http/Controllers/API/User/v1/Auth/ResetPasswordControllerTest.php" line="142" assertions="3" time="0.042409"/>
        <testcase name="testInvokeValidateEmailDataDomainLengthInvalid" class="Tests\Feature\App\Http\Controllers\API\User\v1\Auth\ResetPasswordControllerTest" classname="Tests.Feature.App.Http.Controllers.API.User.v1.Auth.ResetPasswordControllerTest" file="/var/www/tests/Feature/App/Http/Controllers/API/User/v1/Auth/ResetPasswordControllerTest.php" line="166" assertions="3" time="0.042539"/>
        <testcase name="testInvokeValidateEmailDataMissingInvalidDataType" class="Tests\Feature\App\Http\Controllers\API\User\v1\Auth\ResetPasswordControllerTest" classname="Tests.Feature.App.Http.Controllers.API.User.v1.Auth.ResetPasswordControllerTest" file="/var/www/tests/Feature/App/Http/Controllers/API/User/v1/Auth/ResetPasswordControllerTest.php" line="194" assertions="3" time="0.042569"/>
        <testcase name="testInvokeValidateEmailDataMissingUsername" class="Tests\Feature\App\Http\Controllers\API\User\v1\Auth\ResetPasswordControllerTest" classname="Tests.Feature.App.Http.Controllers.API.User.v1.Auth.ResetPasswordControllerTest" file="/var/www/tests/Feature/App/Http/Controllers/API/User/v1/Auth/ResetPasswordControllerTest.php" line="222" assertions="3" time="0.042738"/>
        <testcase name="testInvokeValidateEmailDataUsernameLengthInvalid" class="Tests\Feature\App\Http\Controllers\API\User\v1\Auth\ResetPasswordControllerTest" classname="Tests.Feature.App.Http.Controllers.API.User.v1.Auth.ResetPasswordControllerTest" file="/var/www/tests/Feature/App/Http/Controllers/API/User/v1/Auth/ResetPasswordControllerTest.php" line="250" assertions="1" time="0.041100"/>
        <testcase name="testInvokeValidateEmailParameterNotMissing" class="Tests\Feature\App\Http\Controllers\API\User\v1\Auth\ResetPasswordControllerTest" classname="Tests.Feature.App.Http.Controllers.API.User.v1.Auth.ResetPasswordControllerTest" file="/var/www/tests/Feature/App/Http/Controllers/API/User/v1/Auth/ResetPasswordControllerTest.php" line="272" assertions="3" time="0.050815"/>
        <testcase name="testInvokeValidatePasswordForLength" class="Tests\Feature\App\Http\Controllers\API\User\v1\Auth\ResetPasswordControllerTest" classname="Tests.Feature.App.Http.Controllers.API.User.v1.Auth.ResetPasswordControllerTest" file="/var/www/tests/Feature/App/Http/Controllers/API/User/v1/Auth/ResetPasswordControllerTest.php" line="299" assertions="3" time="0.042577"/>
        <testcase name="testInvokeValidatePasswordParameterDataTypeAsString" class="Tests\Feature\App\Http\Controllers\API\User\v1\Auth\ResetPasswordControllerTest" classname="Tests.Feature.App.Http.Controllers.API.User.v1.Auth.ResetPasswordControllerTest" file="/var/www/tests/Feature/App/Http/Controllers/API/User/v1/Auth/ResetPasswordControllerTest.php" line="323" assertions="3" time="0.052061"/>
        <testcase name="testInvokeValidatePasswordParameterExists" class="Tests\Feature\App\Http\Controllers\API\User\v1\Auth\ResetPasswordControllerTest" classname="Tests.Feature.App.Http.Controllers.API.User.v1.Auth.ResetPasswordControllerTest" file="/var/www/tests/Feature/App/Http/Controllers/API/User/v1/Auth/ResetPasswordControllerTest.php" line="351" assertions="3" time="0.050645"/>
        <testsuite name="Tests\Feature\App\Http\Controllers\API\User\v1\Auth\ResetPasswordControllerTest::testInvokeWithAllEmptyValues" tests="3" assertions="15" errors="0" failures="0" skipped="0" time="0.127497">
          <testcase name="testInvokeWithAllEmptyValues with data set #0" class="Tests\Feature\App\Http\Controllers\API\User\v1\Auth\ResetPasswordControllerTest" classname="Tests.Feature.App.Http.Controllers.API.User.v1.Auth.ResetPasswordControllerTest" file="/var/www/tests/Feature/App/Http/Controllers/API/User/v1/Auth/ResetPasswordControllerTest.php" line="381" assertions="5" time="0.042400"/>
          <testcase name="testInvokeWithAllEmptyValues with data set #1" class="Tests\Feature\App\Http\Controllers\API\User\v1\Auth\ResetPasswordControllerTest" classname="Tests.Feature.App.Http.Controllers.API.User.v1.Auth.ResetPasswordControllerTest" file="/var/www/tests/Feature/App/Http/Controllers/API/User/v1/Auth/ResetPasswordControllerTest.php" line="381" assertions="5" time="0.042469"/>
          <testcase name="testInvokeWithAllEmptyValues with data set #2" class="Tests\Feature\App\Http\Controllers\API\User\v1\Auth\ResetPasswordControllerTest" classname="Tests.Feature.App.Http.Controllers.API.User.v1.Auth.ResetPasswordControllerTest" file="/var/www/tests/Feature/App/Http/Controllers/API/User/v1/Auth/ResetPasswordControllerTest.php" line="381" assertions="5" time="0.042628"/>
        </testsuite>
        <testcase name="testInvokeWithAllMissingParameters" class="Tests\Feature\App\Http\Controllers\API\User\v1\Auth\ResetPasswordControllerTest" classname="Tests.Feature.App.Http.Controllers.API.User.v1.Auth.ResetPasswordControllerTest" file="/var/www/tests/Feature/App/Http/Controllers/API/User/v1/Auth/ResetPasswordControllerTest.php" line="410" assertions="5" time="0.042577"/>
      </testsuite>
      <testsuite name="Tests\Feature\App\Http\Controllers\API\User\v1\Auth\SignupControllerTest" file="/var/www/tests/Feature/App/Http/Controllers/API/User/v1/Auth/SignupControllerTest.php" tests="18" assertions="62" errors="0" failures="0" skipped="0" time="6.550148">
        <testcase name="testInvokeRegistration" class="Tests\Feature\App\Http\Controllers\API\User\v1\Auth\SignupControllerTest" classname="Tests.Feature.App.Http.Controllers.API.User.v1.Auth.SignupControllerTest" file="/var/www/tests/Feature/App/Http/Controllers/API/User/v1/Auth/SignupControllerTest.php" line="47" assertions="3" time="2.819773"/>
        <testcase name="testInvokeValidateEmailAddressShouldBeString" class="Tests\Feature\App\Http\Controllers\API\User\v1\Auth\SignupControllerTest" classname="Tests.Feature.App.Http.Controllers.API.User.v1.Auth.SignupControllerTest" file="/var/www/tests/Feature/App/Http/Controllers/API/User/v1/Auth/SignupControllerTest.php" line="71" assertions="3" time="0.041630"/>
        <testcase name="testInvokeValidateEmailFormat" class="Tests\Feature\App\Http\Controllers\API\User\v1\Auth\SignupControllerTest" classname="Tests.Feature.App.Http.Controllers.API.User.v1.Auth.SignupControllerTest" file="/var/www/tests/Feature/App/Http/Controllers/API/User/v1/Auth/SignupControllerTest.php" line="95" assertions="3" time="0.041687"/>
        <testcase name="testInvokeValidateEmailParameterRequired" class="Tests\Feature\App\Http\Controllers\API\User\v1\Auth\SignupControllerTest" classname="Tests.Feature.App.Http.Controllers.API.User.v1.Auth.SignupControllerTest" file="/var/www/tests/Feature/App/Http/Controllers/API/User/v1/Auth/SignupControllerTest.php" line="119" assertions="3" time="0.041802"/>
        <testcase name="testInvokeValidateEmailWithInvalidUserNameLength" class="Tests\Feature\App\Http\Controllers\API\User\v1\Auth\SignupControllerTest" classname="Tests.Feature.App.Http.Controllers.API.User.v1.Auth.SignupControllerTest" file="/var/www/tests/Feature/App/Http/Controllers/API/User/v1/Auth/SignupControllerTest.php" line="143" assertions="3" time="0.040606"/>
        <testcase name="testInvokeValidateNameParameterIsNotMissing" class="Tests\Feature\App\Http\Controllers\API\User\v1\Auth\SignupControllerTest" classname="Tests.Feature.App.Http.Controllers.API.User.v1.Auth.SignupControllerTest" file="/var/www/tests/Feature/App/Http/Controllers/API/User/v1/Auth/SignupControllerTest.php" line="171" assertions="3" time="0.041858"/>
        <testcase name="testInvokeValidateNameParameterIsString" class="Tests\Feature\App\Http\Controllers\API\User\v1\Auth\SignupControllerTest" classname="Tests.Feature.App.Http.Controllers.API.User.v1.Auth.SignupControllerTest" file="/var/www/tests/Feature/App/Http/Controllers/API/User/v1/Auth/SignupControllerTest.php" line="195" assertions="3" time="0.041831"/>
        <testcase name="testInvokeValidateNameParameterLength" class="Tests\Feature\App\Http\Controllers\API\User\v1\Auth\SignupControllerTest" classname="Tests.Feature.App.Http.Controllers.API.User.v1.Auth.SignupControllerTest" file="/var/www/tests/Feature/App/Http/Controllers/API/User/v1/Auth/SignupControllerTest.php" line="219" assertions="3" time="0.041762"/>
        <testcase name="testInvokeValidateNameParameterLengthNotShorterThanSpecifiedLimit" class="Tests\Feature\App\Http\Controllers\API\User\v1\Auth\SignupControllerTest" classname="Tests.Feature.App.Http.Controllers.API.User.v1.Auth.SignupControllerTest" file="/var/www/tests/Feature/App/Http/Controllers/API/User/v1/Auth/SignupControllerTest.php" line="243" assertions="3" time="0.041730"/>
        <testcase name="testInvokeValidatePasswordParameterIsOfTypeString" class="Tests\Feature\App\Http\Controllers\API\User\v1\Auth\SignupControllerTest" classname="Tests.Feature.App.Http.Controllers.API.User.v1.Auth.SignupControllerTest" file="/var/www/tests/Feature/App/Http/Controllers/API/User/v1/Auth/SignupControllerTest.php" line="267" assertions="3" time="0.041876"/>
        <testcase name="testInvokeValidatePasswordParameterIsRequired" class="Tests\Feature\App\Http\Controllers\API\User\v1\Auth\SignupControllerTest" classname="Tests.Feature.App.Http.Controllers.API.User.v1.Auth.SignupControllerTest" file="/var/www/tests/Feature/App/Http/Controllers/API/User/v1/Auth/SignupControllerTest.php" line="291" assertions="3" time="0.041898"/>
        <testcase name="testInvokeValidatePasswordParameterLength" class="Tests\Feature\App\Http\Controllers\API\User\v1\Auth\SignupControllerTest" classname="Tests.Feature.App.Http.Controllers.API.User.v1.Auth.SignupControllerTest" file="/var/www/tests/Feature/App/Http/Controllers/API/User/v1/Auth/SignupControllerTest.php" line="315" assertions="3" time="0.041779"/>
        <testcase name="testInvokeValidateSameEmailAddressCanNotBeReusedAgain" class="Tests\Feature\App\Http\Controllers\API\User\v1\Auth\SignupControllerTest" classname="Tests.Feature.App.Http.Controllers.API.User.v1.Auth.SignupControllerTest" file="/var/www/tests/Feature/App/Http/Controllers/API/User/v1/Auth/SignupControllerTest.php" line="339" assertions="3" time="0.099505"/>
        <testcase name="testInvokeVerificationEmailRecordExists" class="Tests\Feature\App\Http\Controllers\API\User\v1\Auth\SignupControllerTest" classname="Tests.Feature.App.Http.Controllers.API.User.v1.Auth.SignupControllerTest" file="/var/www/tests/Feature/App/Http/Controllers/API/User/v1/Auth/SignupControllerTest.php" line="370" assertions="3" time="3.005171"/>
        <testsuite name="Tests\Feature\App\Http\Controllers\API\User\v1\Auth\SignupControllerTest::testInvokeWithAllEmptyValues" tests="3" assertions="15" errors="0" failures="0" skipped="0" time="0.125399">
          <testcase name="testInvokeWithAllEmptyValues with data set #0" class="Tests\Feature\App\Http\Controllers\API\User\v1\Auth\SignupControllerTest" classname="Tests.Feature.App.Http.Controllers.API.User.v1.Auth.SignupControllerTest" file="/var/www/tests/Feature/App/Http/Controllers/API/User/v1/Auth/SignupControllerTest.php" line="401" assertions="5" time="0.041768"/>
          <testcase name="testInvokeWithAllEmptyValues with data set #1" class="Tests\Feature\App\Http\Controllers\API\User\v1\Auth\SignupControllerTest" classname="Tests.Feature.App.Http.Controllers.API.User.v1.Auth.SignupControllerTest" file="/var/www/tests/Feature/App/Http/Controllers/API/User/v1/Auth/SignupControllerTest.php" line="401" assertions="5" time="0.041835"/>
          <testcase name="testInvokeWithAllEmptyValues with data set #2" class="Tests\Feature\App\Http\Controllers\API\User\v1\Auth\SignupControllerTest" classname="Tests.Feature.App.Http.Controllers.API.User.v1.Auth.SignupControllerTest" file="/var/www/tests/Feature/App/Http/Controllers/API/User/v1/Auth/SignupControllerTest.php" line="401" assertions="5" time="0.041796"/>
        </testsuite>
        <testcase name="testInvokeWithAllMissingParameters" class="Tests\Feature\App\Http\Controllers\API\User\v1\Auth\SignupControllerTest" classname="Tests.Feature.App.Http.Controllers.API.User.v1.Auth.SignupControllerTest" file="/var/www/tests/Feature/App/Http/Controllers/API/User/v1/Auth/SignupControllerTest.php" line="430" assertions="5" time="0.041842"/>
      </testsuite>
      <testsuite name="Tests\Feature\ExampleTest" file="/var/www/tests/Feature/ExampleTest.php" tests="1" assertions="1" errors="0" failures="0" skipped="0" time="12.460379">
        <testcase name="testBasicTest" class="Tests\Feature\ExampleTest" classname="Tests.Feature.ExampleTest" file="/var/www/tests/Feature/ExampleTest.php" line="24" assertions="1" time="12.460379"/>
      </testsuite>
    </testsuite>
  </testsuite>
</testsuites>
